<?xml version="1.0" encoding="UTF-8"?>
<!-- Generated by org.testng.reporters.JUnitReportReporter -->
<testsuite skipped="1" hostname="HDC2-L-9227QQ2" name="demoOct.TestNGDemo2" tests="3" failures="0" timestamp="29 Oct 2019 10:39:25 GMT" time="0.017" errors="0">
  <testcase name="login" time="0.015" classname="demoOct.TestNGDemo2"/>
  <testcase name="registration" time="0.002" classname="demoOct.TestNGDemo2"/>
  <testcase name="forgotpswrd" classname="demoOct.TestNGDemo2">
    <skipped/>
  </testcase> <!-- forgotpswrd -->
</testsuite> <!-- demoOct.TestNGDemo2 -->
