<?xml version="1.0" encoding="UTF-8"?>
<!-- Generated by org.testng.reporters.JUnitReportReporter -->
<testsuite skipped="1" hostname="HDC2-L-9227QQ2" name="demoOct.TestNGDemo3" tests="3" failures="0" timestamp="29 Oct 2019 12:01:25 GMT" time="0.015" errors="0">
  <testcase name="RemoveCart" time="0.001" classname="demoOct.TestNGDemo3"/>
  <testcase name="AddCart" time="0.014" classname="demoOct.TestNGDemo3"/>
  <testcase name="Login" classname="demoOct.TestNGDemo3">
    <skipped/>
  </testcase> <!-- Login -->
</testsuite> <!-- demoOct.TestNGDemo3 -->
